<?xml version="1.0" encoding="UTF-8"?>
<!-- Generated by org.testng.reporters.JUnitXMLReporter -->
<testsuite hostname="HDC2-D-CL8MXJ2" ignored="2" name="Test" tests="1" failures="0" timestamp="2020-01-29T17:15:54 IST" time="0.122" errors="0">
  <testcase name="login" time="0.02" classname="testng.groupingdemo"/>
  <testcase name="removepayee" time="0.0" classname="testng.groupingdemo">
    <ignored/>
  </testcase> <!-- removepayee -->
  <testcase name="addpayee" time="0.0" classname="testng.groupingdemo">
    <ignored/>
  </testcase> <!-- addpayee -->
</testsuite> <!-- Test -->
